{"numTotalTestSuites":16,"numPassedTestSuites":16,"numFailedTestSuites":0,"numPendingTestSuites":0,"numTotalTests":22,"numPassedTests":22,"numFailedTests":0,"numPendingTests":0,"numTodoTests":0,"startTime":1719098859727,"success":true,"testResults":[{"assertionResults":[{"ancestorTitles":["","Home component"],"fullName":" Home component renders the Home component correctly","status":"passed","title":"renders the Home component correctly","duration":31,"failureMessages":[]},{"ancestorTitles":["","Home component"],"fullName":" Home component should call setMarkerPosition on mount","status":"passed","title":"should call setMarkerPosition on mount","duration":6,"failureMessages":[]},{"ancestorTitles":["","Home component"],"fullName":" Home component should call fetchReports and setRadiusZone when userLocation changes","status":"passed","title":"should call fetchReports and setRadiusZone when userLocation changes","duration":9,"failureMessages":[]},{"ancestorTitles":["","Home component"],"fullName":" Home component renders SliderButton when reports are available","status":"passed","title":"renders SliderButton when reports are available","duration":5,"failureMessages":[]}],"startTime":1719098869064,"endTime":1719098869115,"status":"passed","message":"","name":"/home/h3rz/Documentos/AlTanto/Frontend/__test__/components/Home/HomePage.spec.jsx"},{"assertionResults":[{"ancestorTitles":["","Map component"],"fullName":" Map component renders the Map component correctly","status":"passed","title":"renders the Map component correctly","duration":204,"failureMessages":[]},{"ancestorTitles":["","Map component"],"fullName":" Map component fetches categories and sets selected categories on mount","status":"passed","title":"fetches categories and sets selected categories on mount","duration":31,"failureMessages":[]}],"startTime":1719098862152,"endTime":1719098862388,"status":"passed","message":"","name":"/home/h3rz/Documentos/AlTanto/Frontend/__test__/components/Map/MapComponent.spec.jsx"},{"assertionResults":[{"ancestorTitles":["","RoutForm Component"],"fullName":" RoutForm Component should render the form with default values","status":"passed","title":"should render the form with default values","duration":138,"failureMessages":[]},{"ancestorTitles":["","RoutForm Component"],"fullName":" RoutForm Component should call setPoints and show route when addresses are provided","status":"passed","title":"should call setPoints and show route when addresses are provided","duration":141,"failureMessages":[]},{"ancestorTitles":["","RoutForm Component"],"fullName":" RoutForm Component should handle form submission successfully","status":"passed","title":"should handle form submission successfully","duration":168,"failureMessages":[]}],"startTime":1719098864456,"endTime":1719098864903,"status":"passed","message":"","name":"/home/h3rz/Documentos/AlTanto/Frontend/__test__/components/Road/RoadForm.spec.jsx"},{"assertionResults":[{"ancestorTitles":["","Roads component"],"fullName":" Roads component renders the Roads component correctly","status":"passed","title":"renders the Roads component correctly","duration":106,"failureMessages":[]},{"ancestorTitles":["","Roads component"],"fullName":" Roads component fetches routes and sets state on mount","status":"passed","title":"fetches routes and sets state on mount","duration":66,"failureMessages":[]},{"ancestorTitles":["","Roads component"],"fullName":" Roads component renders message when no routes are available","status":"passed","title":"renders message when no routes are available","duration":13,"failureMessages":[]}],"startTime":1719098874942,"endTime":1719098875128,"status":"passed","message":"","name":"/home/h3rz/Documentos/AlTanto/Frontend/__test__/components/Road/RoadHome.spec.jsx"},{"assertionResults":[{"ancestorTitles":["","RoadID Component"],"fullName":" RoadID Component should render the road information correctly","status":"passed","title":"should render the road information correctly","duration":448,"failureMessages":[]},{"ancestorTitles":["","RoadID Component"],"fullName":" RoadID Component should show error toast if no data found","status":"passed","title":"should show error toast if no data found","duration":332,"failureMessages":[]},{"ancestorTitles":["","RoadID Component"],"fullName":" RoadID Component should call fetchReports when routeCoordinates are set","status":"passed","title":"should call fetchReports when routeCoordinates are set","duration":368,"failureMessages":[]}],"startTime":1719098870528,"endTime":1719098871677,"status":"passed","message":"","name":"/home/h3rz/Documentos/AlTanto/Frontend/__test__/components/Road/RoadID.spec.jsx"},{"assertionResults":[{"ancestorTitles":["","ZoneForm Component"],"fullName":" ZoneForm Component renders ZoneForm component correctly","status":"passed","title":"renders ZoneForm component correctly","duration":480,"failureMessages":[]},{"ancestorTitles":["","ZoneForm Component"],"fullName":" ZoneForm Component se cargar los nombres en los campos","status":"passed","title":"se cargar los nombres en los campos","duration":267,"failureMessages":[]}],"startTime":1719098865255,"endTime":1719098866002,"status":"passed","message":"","name":"/home/h3rz/Documentos/AlTanto/Frontend/__test__/components/zone/ZoneForm.spec.jsx"},{"assertionResults":[{"ancestorTitles":["","ZoneHome component"],"fullName":" ZoneHome component renders ZoneHome component correctly","status":"passed","title":"renders ZoneHome component correctly","duration":129,"failureMessages":[]},{"ancestorTitles":["","ZoneHome component"],"fullName":" ZoneHome component shows error modal when there is an error fetching zone data","status":"passed","title":"shows error modal when there is an error fetching zone data","duration":24,"failureMessages":[]}],"startTime":1719098872085,"endTime":1719098872239,"status":"passed","message":"","name":"/home/h3rz/Documentos/AlTanto/Frontend/__test__/components/zone/ZoneID.spec.jsx"},{"assertionResults":[{"ancestorTitles":["","Zones component"],"fullName":" Zones component renders zones when zones exist","status":"passed","title":"renders zones when zones exist","duration":139,"failureMessages":[]},{"ancestorTitles":["","Zones component"],"fullName":" Zones component renders no zones when none exist","status":"passed","title":"renders no zones when none exist","duration":16,"failureMessages":[]},{"ancestorTitles":["","Zones component"],"fullName":" Zones component navigates to create zone page on link click","status":"passed","title":"navigates to create zone page on link click","duration":31,"failureMessages":[]}],"startTime":1719098874785,"endTime":1719098874971,"status":"passed","message":"","name":"/home/h3rz/Documentos/AlTanto/Frontend/__test__/components/zone/Zones.spec.jsx"}]}
